<?xml version="1.0" encoding="UTF-8"?>
<!-- Generated by org.testng.reporters.JUnitReportReporter -->
<testsuite hostname="WarMachine" failures="0" tests="2" name="tests.LoginPageTest" time="2.341" errors="0" timestamp="2025-04-08T11:34:35 IST" skipped="0">
  <testcase classname="tests.LoginPageTest" name="testLogin" time="0.764"/>
  <testcase classname="tests.LoginPageTest" name="testProductSelection" time="1.577"/>
</testsuite> <!-- tests.LoginPageTest -->
