<?xml version="1.0" encoding="UTF-8"?>
<!-- Generated by org.testng.reporters.JUnitReportReporter -->
<testsuite hostname="WarMachine" failures="0" tests="5" name="tests.AdminPageTest" time="12.414" errors="0" timestamp="2025-04-08T11:33:19 IST" skipped="0">
  <testcase classname="tests.AdminPageTest" name="Sign" time="4.936"/>
  <testcase classname="tests.AdminPageTest" name="itemSecTC01" time="6.605"/>
  <testcase classname="tests.AdminPageTest" name="adminLogout" time="0.080"/>
  <testcase classname="tests.AdminPageTest" name="adminNegTC02" time="0.387"/>
  <testcase classname="tests.AdminPageTest" name="adminNegTC01" time="0.406"/>
</testsuite> <!-- tests.AdminPageTest -->
